0 info it worked if it ends with ok
1 verbose cli [ 'C:\\nodejs\\node.exe',
1 verbose cli   'C:\\nodejs\\node_modules\\npm\\bin\\npm-cli.js',
1 verbose cli   'start' ]
2 info using npm@3.9.5
3 info using node@v6.2.2
4 verbose run-script [ 'prestart', 'start', 'poststart' ]
5 info lifecycle food-maniac@0.0.1~prestart: food-maniac@0.0.1
6 silly lifecycle food-maniac@0.0.1~prestart: no script for prestart, continuing
7 info lifecycle food-maniac@0.0.1~start: food-maniac@0.0.1
8 verbose lifecycle food-maniac@0.0.1~start: unsafe-perm in lifecycle true
9 verbose lifecycle food-maniac@0.0.1~start: PATH: C:\nodejs\node_modules\npm\bin\node-gyp-bin;C:\workspace\mapTest\node_modules\.bin;C:\nodejs;C:\MEX\tools\cmder\bin;C:\MEX\tools\cmder\vendor\conemu-maximus5\ConEmu\Scripts;C:\MEX\tools\cmder\vendor\conemu-maximus5;C:\MEX\tools\cmder\vendor\conemu-maximus5\ConEmu;C:\ProgramData\Oracle\Java\javapath;C:\Program Files (x86)\RSA SecurID Token Common;C:\Windows\system32;C:\Windows;C:\Windows\System32\Wbem;C:\Windows\System32\WindowsPowerShell\v1.0\;C:\Program Files\TortoiseSVN\bin.;C:\Javatools\java\jdk1.7.0_67\bin;C:\Javatools\maven-3.0.5\bin;C:\Program Files (x86)\Skype\Phone\;C:\nodejs\;C:\MEX\tools\git\cmd;C:\Utilisateurs\a545888\AppData\Roaming\npm;C:\MEX\tools\git\cmd;C:\MEX\tools\tidy\bin;C:\MEX\tools\git\usr\bin;C:\MEX\tools\git\usr\share\vim\vim74;C:\MEX\tools\cmder\
10 verbose lifecycle food-maniac@0.0.1~start: CWD: C:\workspace\mapTest
11 silly lifecycle food-maniac@0.0.1~start: Args: [ '/d /s /c',
11 silly lifecycle   'cross-env BABEL_DISABLE_CACHE=1 NODE_ENV=development nodemon index.js' ]
12 silly lifecycle food-maniac@0.0.1~start: Returned: code: 1073807364  signal: null
13 info lifecycle food-maniac@0.0.1~start: Failed to exec start script
14 verbose stack Error: food-maniac@0.0.1 start: `cross-env BABEL_DISABLE_CACHE=1 NODE_ENV=development nodemon index.js`
14 verbose stack Exit status 1073807364
14 verbose stack     at EventEmitter.<anonymous> (C:\nodejs\node_modules\npm\lib\utils\lifecycle.js:245:16)
14 verbose stack     at emitTwo (events.js:106:13)
14 verbose stack     at EventEmitter.emit (events.js:191:7)
14 verbose stack     at ChildProcess.<anonymous> (C:\nodejs\node_modules\npm\lib\utils\spawn.js:24:14)
14 verbose stack     at emitTwo (events.js:106:13)
14 verbose stack     at ChildProcess.emit (events.js:191:7)
14 verbose stack     at maybeClose (internal/child_process.js:852:16)
14 verbose stack     at Process.ChildProcess._handle.onexit (internal/child_process.js:215:5)
15 verbose pkgid food-maniac@0.0.1
16 verbose cwd C:\workspace\mapTest
17 error Windows_NT 6.1.7601
18 error argv "C:\\nodejs\\node.exe" "C:\\nodejs\\node_modules\\npm\\bin\\npm-cli.js" "start"
19 error node v6.2.2
20 error npm  v3.9.5
21 error code ELIFECYCLE
22 error food-maniac@0.0.1 start: `cross-env BABEL_DISABLE_CACHE=1 NODE_ENV=development nodemon index.js`
22 error Exit status 1073807364
23 error Failed at the food-maniac@0.0.1 start script 'cross-env BABEL_DISABLE_CACHE=1 NODE_ENV=development nodemon index.js'.
23 error Make sure you have the latest version of node.js and npm installed.
23 error If you do, this is most likely a problem with the food-maniac package,
23 error not with npm itself.
23 error Tell the author that this fails on your system:
23 error     cross-env BABEL_DISABLE_CACHE=1 NODE_ENV=development nodemon index.js
23 error You can get information on how to open an issue for this project with:
23 error     npm bugs food-maniac
23 error Or if that isn't available, you can get their info via:
23 error     npm owner ls food-maniac
23 error There is likely additional logging output above.
24 verbose exit [ 1, true ]
